<?xml version="1.0" encoding="UTF-8"?>
<testng-results ignored="0" total="1" passed="1" failed="0" skipped="0">
  <reporter-output>
  </reporter-output>
  <suite started-at="2023-05-05T18:21:02 IST" name="Command line suite" finished-at="2023-05-05T18:21:20 IST" duration-ms="17973">
    <groups>
    </groups>
    <test started-at="2023-05-05T18:21:02 IST" name="Command line test" finished-at="2023-05-05T18:21:20 IST" duration-ms="17973">
      <class name="testcases.SecondTest">
        <test-method is-config="true" signature="setup()[pri:0, instance:testcases.SecondTest@5c90e579]" started-at="2023-05-05T18:21:02 IST" name="setup" finished-at="2023-05-05T18:21:20 IST" duration-ms="17647" status="PASS">
          <reporter-output>
          </reporter-output>
        </test-method> <!-- setup -->
        <test-method signature="Second()[pri:0, instance:testcases.SecondTest@5c90e579]" started-at="2023-05-05T18:21:20 IST" name="Second" finished-at="2023-05-05T18:21:20 IST" duration-ms="5" status="PASS">
          <reporter-output>
          </reporter-output>
        </test-method> <!-- Second -->
        <test-method is-config="true" signature="tearDown()[pri:0, instance:testcases.SecondTest@5c90e579]" started-at="2023-05-05T18:21:20 IST" name="tearDown" finished-at="2023-05-05T18:21:20 IST" duration-ms="214" status="PASS">
          <reporter-output>
          </reporter-output>
        </test-method> <!-- tearDown -->
      </class> <!-- testcases.SecondTest -->
    </test> <!-- Command line test -->
  </suite> <!-- Command line suite -->
</testng-results>
